[    0.000000] Initializing cgroup subsys cpuset
[    0.000000] Initializing cgroup subsys cpu
[    0.000000] Initializing cgroup subsys cpuacct
[    0.000000] Linux version 4.4.0-179-generic (buildd@lcy01-amd64-014) (gcc version 5.4.0 20160609 (Ubuntu 5.4.0-6ubuntu1~16.04.12) ) #209-Ubuntu SMP Fri Apr 24 17:48:44 UTC 2020 (Ubuntu 4.4.0-179.209-generic 4.4.219)
[    0.000000] Command line: BOOT_IMAGE=/boot/vmlinuz-4.4.0-179-generic root=UUID=3ec9c697-57a3-436c-b96d-029b3a1fefd5 ro console=tty1 console=ttyS0
[    0.000000] KERNEL supported cpus:
[    0.000000]   Intel GenuineIntel
[    0.000000]   AMD AuthenticAMD
[    0.000000]   Centaur CentaurHauls
[    0.000000] [Firmware Bug]: TSC doesn't count with P0 frequency!
[    0.000000] x86/fpu: xstate_offset[2]:  576, xstate_sizes[2]:  256
[    0.000000] x86/fpu: Supporting XSAVE feature 0x01: 'x87 floating point registers'
[    0.000000] x86/fpu: Supporting XSAVE feature 0x02: 'SSE registers'
[    0.000000] x86/fpu: Supporting XSAVE feature 0x04: 'AVX registers'
[    0.000000] x86/fpu: Enabled xstate features 0x7, context size is 832 bytes, using 'standard' format.
[    0.000000] e820: BIOS-provided physical RAM map:
[    0.000000] BIOS-e820: [mem 0x0000000000000000-0x000000000009fbff] usable
[    0.000000] BIOS-e820: [mem 0x000000000009fc00-0x000000000009ffff] reserved
[    0.000000] BIOS-e820: [mem 0x00000000000f0000-0x00000000000fffff] reserved
[    0.000000] BIOS-e820: [mem 0x0000000000100000-0x000000003ffeffff] usable
[    0.000000] BIOS-e820: [mem 0x000000003fff0000-0x000000003fffffff] ACPI data
[    0.000000] BIOS-e820: [mem 0x00000000fec00000-0x00000000fec00fff] reserved
[    0.000000] BIOS-e820: [mem 0x00000000fee00000-0x00000000fee00fff] reserved
[    0.000000] BIOS-e820: [mem 0x00000000fffc0000-0x00000000ffffffff] reserved
[    0.000000] NX (Execute Disable) protection: active
[    0.000000] SMBIOS 2.5 present.
[    0.000000] Hypervisor detected: KVM
[    0.000000] Kernel/User page tables isolation: disabled
[    0.000000] e820: last_pfn = 0x3fff0 max_arch_pfn = 0x400000000
[    0.000000] MTRR: Disabled
[    0.000000] x86/PAT: MTRRs disabled, skipping PAT initialization too.
[    0.000000] CPU MTRRs all blank - virtualized system.
[    0.000000] x86/PAT: Configuration [0-7]: WB  WT  UC- UC  WB  WT  UC- UC  
[    0.000000] found SMP MP-table at [mem 0x0009fff0-0x0009ffff] mapped at [ffff88000009fff0]
[    0.000000] Scanning 1 areas for low memory corruption
[    0.000000] RAMDISK: [mem 0x361c8000-0x370dbfff]
[    0.000000] ACPI: Early table checksum verification disabled
[    0.000000] ACPI: RSDP 0x00000000000E0000 000024 (v02 VBOX  )
[    0.000000] ACPI: XSDT 0x000000003FFF0030 00003C (v01 VBOX   VBOXXSDT 00000001 ASL  00000061)
[    0.000000] ACPI: FACP 0x000000003FFF00F0 0000F4 (v04 VBOX   VBOXFACP 00000001 ASL  00000061)
[    0.000000] ACPI: DSDT 0x000000003FFF0470 002325 (v02 VBOX   VBOXBIOS 00000002 INTL 20100528)
[    0.000000] ACPI: FACS 0x000000003FFF0200 000040
[    0.000000] ACPI: FACS 0x000000003FFF0200 000040
[    0.000000] ACPI: APIC 0x000000003FFF0240 00005C (v02 VBOX   VBOXAPIC 00000001 ASL  00000061)
[    0.000000] ACPI: SSDT 0x000000003FFF02A0 0001CC (v01 VBOX   VBOXCPUT 00000002 INTL 20100528)
[    0.000000] No NUMA configuration found
[    0.000000] Faking a node at [mem 0x0000000000000000-0x000000003ffeffff]
[    0.000000] NODE_DATA(0) allocated [mem 0x3ffeb000-0x3ffeffff]
[    0.000000] kvm-clock: Using msrs 4b564d01 and 4b564d00
[    0.000000] kvm-clock: cpu 0, msr 0:3ffe3001, primary cpu clock
[    0.000000] kvm-clock: using sched offset of 6458427169 cycles
[    0.000000] clocksource: kvm-clock: mask: 0xffffffffffffffff max_cycles: 0x1cd42e4dffb, max_idle_ns: 881590591483 ns
[    0.000000] Zone ranges:
[    0.000000]   DMA      [mem 0x0000000000001000-0x0000000000ffffff]
[    0.000000]   DMA32    [mem 0x0000000001000000-0x000000003ffeffff]
[    0.000000]   Normal   empty
[    0.000000]   Device   empty
[    0.000000] Movable zone start for each node
[    0.000000] Early memory node ranges
[    0.000000]   node   0: [mem 0x0000000000001000-0x000000000009efff]
[    0.000000]   node   0: [mem 0x0000000000100000-0x000000003ffeffff]
[    0.000000] Initmem setup node 0 [mem 0x0000000000001000-0x000000003ffeffff]
[    0.000000] ACPI: PM-Timer IO Port: 0x4008
[    0.000000] IOAPIC[0]: apic_id 2, version 32, address 0xfec00000, GSI 0-23
[    0.000000] ACPI: INT_SRC_OVR (bus 0 bus_irq 0 global_irq 2 dfl dfl)
[    0.000000] ACPI: INT_SRC_OVR (bus 0 bus_irq 9 global_irq 9 low level)
[    0.000000] Using ACPI (MADT) for SMP configuration information
[    0.000000] smpboot: Allowing 2 CPUs, 0 hotplug CPUs
[    0.000000] PM: Registered nosave memory: [mem 0x00000000-0x00000fff]
[    0.000000] PM: Registered nosave memory: [mem 0x0009f000-0x0009ffff]
[    0.000000] PM: Registered nosave memory: [mem 0x000a0000-0x000effff]
[    0.000000] PM: Registered nosave memory: [mem 0x000f0000-0x000fffff]
[    0.000000] e820: [mem 0x40000000-0xfebfffff] available for PCI devices
[    0.000000] Booting paravirtualized kernel on KVM
[    0.000000] clocksource: refined-jiffies: mask: 0xffffffff max_cycles: 0xffffffff, max_idle_ns: 7645519600211568 ns
[    0.000000] setup_percpu: NR_CPUS:512 nr_cpumask_bits:512 nr_cpu_ids:2 nr_node_ids:1
[    0.000000] PERCPU: Embedded 33 pages/cpu @ffff88003fc00000 s95448 r8192 d31528 u1048576
[    0.000000] Built 1 zonelists in Node order, mobility grouping on.  Total pages: 257912
[    0.000000] Policy zone: DMA32
[    0.000000] Kernel command line: BOOT_IMAGE=/boot/vmlinuz-4.4.0-179-generic root=UUID=3ec9c697-57a3-436c-b96d-029b3a1fefd5 ro console=tty1 console=ttyS0
[    0.000000] PID hash table entries: 4096 (order: 3, 32768 bytes)
[    0.000000] Memory: 997112K/1048120K available (8630K kernel code, 1336K rwdata, 4036K rodata, 1488K init, 1292K bss, 51008K reserved, 0K cma-reserved)
[    0.000000] SLUB: HWalign=64, Order=0-3, MinObjects=0, CPUs=2, Nodes=1
[    0.000000] Hierarchical RCU implementation.
[    0.000000] 	Build-time adjustment of leaf fanout to 64.
[    0.000000] 	RCU restricting CPUs from NR_CPUS=512 to nr_cpu_ids=2.
[    0.000000] RCU: Adjusting geometry for rcu_fanout_leaf=64, nr_cpu_ids=2
[    0.000000] NR_IRQS:33024 nr_irqs:440 16
[    0.000000] Console: colour VGA+ 80x25
[    0.000000] console [tty1] enabled
[    0.000000] console [ttyS0] enabled
[    0.000000] tsc: Detected 1497.196 MHz processor
[    0.578474] Calibrating delay loop (skipped) preset value.. 2994.39 BogoMIPS (lpj=5988784)
[    0.585818] pid_max: default: 32768 minimum: 301
[    0.589839] ACPI: Core revision 20150930
[    0.596528] ACPI: 2 ACPI AML tables successfully acquired and loaded
[    0.601771] Security Framework initialized
[    0.605019] Yama: becoming mindful.
[    0.608175] AppArmor: AppArmor initialized
[    0.611781] Dentry cache hash table entries: 131072 (order: 8, 1048576 bytes)
[    0.617713] Inode-cache hash table entries: 65536 (order: 7, 524288 bytes)
[    0.630435] Mount-cache hash table entries: 2048 (order: 2, 16384 bytes)
[    0.635899] Mountpoint-cache hash table entries: 2048 (order: 2, 16384 bytes)
[    0.642510] Initializing cgroup subsys io
[    0.646229] Initializing cgroup subsys memory
[    0.649825] Initializing cgroup subsys devices
[    0.653760] Initializing cgroup subsys freezer
[    0.658006] Initializing cgroup subsys net_cls
[    0.662262] Initializing cgroup subsys perf_event
[    0.666322] Initializing cgroup subsys net_prio
[    0.670134] Initializing cgroup subsys hugetlb
[    0.673951] Initializing cgroup subsys pids
[    0.678407] BIOS may not properly restore RDRAND after suspend, but hypervisor does not support hiding RDRAND via CPUID.
[    0.687207] Disabling Indirect Branch Predictor Support
[    0.717024] mce: CPU supports 0 MCE banks
[    0.720715] Last level iTLB entries: 4KB 512, 2MB 8, 4MB 4
[    0.727668] Last level dTLB entries: 4KB 512, 2MB 256, 4MB 128, 1GB 0
[    0.732584] Spectre V1 : Mitigation: usercopy/swapgs barriers and __user pointer sanitization
[    0.739567] Spectre V2 : Spectre mitigation: LFENCE not serializing, switching to generic retpoline
[    0.748025] Spectre V2 : Mitigation: Full generic retpoline
[    0.753706] Spectre V2 : Spectre v2 / SpectreRSB mitigation: Filling RSB on context switch
[    0.761050] Speculative Store Bypass: Mitigation: Speculative Store Bypass disabled via prctl and seccomp
[    0.775759] Freeing SMP alternatives memory: 36K
[    0.803253] ftrace: allocating 32313 entries in 127 pages
[    0.988031] smpboot: APIC(0) Converting physical 0 to logical package 0
[    0.992757] smpboot: Max logical packages: 1
[    0.997206] x2apic enabled
[    1.000707] Switched APIC routing to physical x2apic.
[    1.008350] ..TIMER: vector=0x30 apic1=0 pin1=2 apic2=-1 pin2=-1
[    1.120861] smpboot: CPU0: AMD E2-6110 APU with AMD Radeon R2 Graphics (family: 0x16, model: 0x30, stepping: 0x1)
[    1.129628] Performance Events: Broken PMU hardware detected, using software events only.
[    1.136554] Failed to access perfctr msr (MSR c0010007 is 0)
[    1.186202] KVM setup paravirtual spinlock
[    1.192590] x86: Booting SMP configuration:
[    1.197151] .... node  #0, CPUs:      #1
[    1.201287] kvm-clock: cpu 1, msr 0:3ffe3041, secondary cpu clock
[    1.232299] mce: CPU supports 0 MCE banks
[    1.239577] x86: Booted up 1 node, 2 CPUs
[    1.243663] smpboot: Total of 2 processors activated (5988.78 BogoMIPS)
[    1.249899] devtmpfs: initialized
[    1.260129] evm: security.selinux
[    1.262955] evm: security.SMACK64
[    1.265863] evm: security.SMACK64EXEC
[    1.269022] evm: security.SMACK64TRANSMUTE
[    1.272306] evm: security.SMACK64MMAP
[    1.275421] evm: security.ima
[    1.278037] evm: security.capability
[    1.288751] clocksource: jiffies: mask: 0xffffffff max_cycles: 0xffffffff, max_idle_ns: 7645041785100000 ns
[    1.296343] futex hash table entries: 512 (order: 3, 32768 bytes)
[    1.301716] pinctrl core: initialized pinctrl subsystem
[    1.306390] RTC time: 12:58:09, date: 06/12/20
[    1.311393] NET: Registered protocol family 16
[    1.325031] cpuidle: using governor ladder
[    1.336671] cpuidle: using governor menu
[    1.339883] PCCT header not found.
[    1.343692] ACPI: bus type PCI registered
[    1.346840] acpiphp: ACPI Hot Plug PCI Controller Driver version: 0.5
[    1.351681] PCI: Using configuration type 1 for base access
[    1.355904] PCI: Using configuration type 1 for extended access
[    1.374281] ACPI: Added _OSI(Module Device)
[    1.377555] ACPI: Added _OSI(Processor Device)
[    1.381022] ACPI: Added _OSI(3.0 _SCP Extensions)
[    1.384539] ACPI: Added _OSI(Processor Aggregator Device)
[    1.390398] ACPI: Executed 1 blocks of module-level executable AML code
[    1.402071] ACPI: Interpreter enabled
[    1.405129] ACPI: (supports S0 S5)
[    1.408098] ACPI: Using IOAPIC for interrupt routing
[    1.412512] PCI: Using host bridge windows from ACPI; if necessary, use "pci=nocrs" and report a bug
[    1.433421] ACPI: PCI Root Bridge [PCI0] (domain 0000 [bus 00-ff])
[    1.437716] acpi PNP0A03:00: _OSC: OS supports [ExtendedConfig ASPM ClockPM Segments MSI]
[    1.446525] acpi PNP0A03:00: _OSC: platform does not support [PCIeCapability]
[    1.452563] acpi PNP0A03:00: _OSC: not requesting control; platform does not support [PCIeCapability]
[    1.459278] acpi PNP0A03:00: _OSC: OS requested [PCIeHotplug PME AER PCIeCapability]
[    1.465185] acpi PNP0A03:00: _OSC: platform willing to grant [PCIeHotplug PME AER]
[    1.508776] acpi PNP0A03:00: _OSC failed (AE_SUPPORT); disabling ASPM
[    1.514660] PCI host bridge to bus 0000:00
[    1.517847] pci_bus 0000:00: root bus resource [io  0x0000-0x0cf7 window]
[    1.522599] pci_bus 0000:00: root bus resource [io  0x0d00-0xffff window]
[    1.527275] pci_bus 0000:00: root bus resource [mem 0x000a0000-0x000bffff window]
[    1.532916] pci_bus 0000:00: root bus resource [mem 0x40000000-0xfdffffff window]
[    1.539292] pci_bus 0000:00: root bus resource [bus 00-ff]
[    1.550853] pci 0000:00:01.1: legacy IDE quirk: reg 0x10: [io  0x01f0-0x01f7]
[    1.556138] pci 0000:00:01.1: legacy IDE quirk: reg 0x14: [io  0x03f6]
[    1.560758] pci 0000:00:01.1: legacy IDE quirk: reg 0x18: [io  0x0170-0x0177]
[    1.565927] pci 0000:00:01.1: legacy IDE quirk: reg 0x1c: [io  0x0376]
[    1.641989] pci 0000:00:07.0: quirk: [io  0x4000-0x403f] claimed by PIIX4 ACPI
[    1.648625] pci 0000:00:07.0: quirk: [io  0x4100-0x410f] claimed by PIIX4 SMB
[    1.701684] ACPI: PCI Interrupt Link [LNKA] (IRQs 5 9 10 *11)
[    1.708614] ACPI: PCI Interrupt Link [LNKB] (IRQs 5 9 *10 11)
[    1.714269] ACPI: PCI Interrupt Link [LNKC] (IRQs 5 *9 10 11)
[    1.719949] ACPI: PCI Interrupt Link [LNKD] (IRQs 5 9 10 *11)
[    1.726051] ACPI: Enabled 2 GPEs in block 00 to 07
[    1.750688] vgaarb: setting as boot device: PCI:0000:00:02.0
[    1.754536] vgaarb: device added: PCI:0000:00:02.0,decodes=io+mem,owns=io+mem,locks=none
[    1.760322] vgaarb: loaded
[    1.762575] vgaarb: bridge control possible 0000:00:02.0
[    1.771989] SCSI subsystem initialized
[    1.777713] ACPI: bus type USB registered
[    1.780716] usbcore: registered new interface driver usbfs
[    1.784408] usbcore: registered new interface driver hub
[    1.788278] usbcore: registered new device driver usb
[    1.793283] PCI: Using ACPI for IRQ routing
[    1.797463] NetLabel: Initializing
[    1.800100] NetLabel:  domain hash size = 128
[    1.803172] NetLabel:  protocols = UNLABELED CIPSOv4
[    1.806731] NetLabel:  unlabeled traffic allowed by default
[    1.811141] amd_nb: Cannot enumerate AMD northbridges
[    1.814746] clocksource: Switched to clocksource kvm-clock
[    1.849326] AppArmor: AppArmor Filesystem Enabled
[    1.852885] pnp: PnP ACPI init
[    1.858333] pnp: PnP ACPI: found 3 devices
[    1.892211] clocksource: acpi_pm: mask: 0xffffff max_cycles: 0xffffff, max_idle_ns: 2085701024 ns
[    1.899057] NET: Registered protocol family 2
[    1.903057] TCP established hash table entries: 8192 (order: 4, 65536 bytes)
[    1.908082] TCP bind hash table entries: 8192 (order: 5, 131072 bytes)
[    1.912732] TCP: Hash tables configured (established 8192 bind 8192)
[    1.917198] UDP hash table entries: 512 (order: 2, 16384 bytes)
[    1.921385] UDP-Lite hash table entries: 512 (order: 2, 16384 bytes)
[    1.932352] NET: Registered protocol family 1
[    1.935736] pci 0000:00:00.0: Limiting direct PCI/PCI transfers
[    1.940046] pci 0000:00:01.0: Activating ISA DMA hang workarounds
[    1.944841] Unpacking initramfs...
[    2.760613] Freeing initrd memory: 15440K
[    2.764436] clocksource: tsc: mask: 0xffffffffffffffff max_cycles: 0x1594c9cc481, max_idle_ns: 440795232388 ns
[    2.772451] platform rtc_cmos: registered platform RTC device (no PNP device found)
[    2.779042] Scanning for low memory corruption every 60 seconds
[    2.784897] audit: initializing netlink subsys (disabled)
[    2.789284] audit: type=2000 audit(1591966698.139:1): initialized
[    2.794641] Initialise system trusted keyring
[    2.799191] HugeTLB registered 2 MB page size, pre-allocated 0 pages
[    2.808366] zbud: loaded
[    2.811934] VFS: Disk quotas dquot_6.6.0
[    2.815665] VFS: Dquot-cache hash table entries: 512 (order 0, 4096 bytes)
[    2.821666] squashfs: version 4.0 (2009/01/31) Phillip Lougher
[    2.827723] fuse init (API version 7.23)
[    2.831793] Key type big_key registered
[    2.834918] Allocating IMA MOK and blacklist keyrings.
[    2.844198] Key type asymmetric registered
[    2.847596] Asymmetric key parser 'x509' registered
[    2.851486] Block layer SCSI generic (bsg) driver version 0.4 loaded (major 249)
[    2.857804] io scheduler noop registered
[    2.861115] io scheduler deadline registered (default)
[    2.865141] io scheduler cfq registered
[    2.868825] pci_hotplug: PCI Hot Plug PCI Core version: 0.5
[    2.872984] pciehp: PCI Express Hot Plug Controller Driver version: 0.4
[    2.878277] ACPI: AC Adapter [AC] (off-line)
[    2.882002] input: Power Button as /devices/LNXSYSTM:00/LNXPWRBN:00/input/input0
[    2.888189] ACPI: Power Button [PWRF]
[    2.891432] input: Sleep Button as /devices/LNXSYSTM:00/LNXSLPBN:00/input/input1
[    2.897228] ACPI: Sleep Button [SLPF]
[    2.901090] GHES: HEST is not enabled!
[    2.903610] ACPI: Battery Slot [BAT0] (battery present)
[    2.908189] Serial: 8250/16550 driver, 32 ports, IRQ sharing enabled
[    2.934766] 00:02: ttyS0 at I/O 0x3f8 (irq = 4, base_baud = 115200) is a 16550A
[    2.948552] Linux agpgart interface v0.103
[    2.957813] loop: module loaded
[    2.962733] scsi host0: ata_piix
[    2.965870] scsi host1: ata_piix
[    2.968604] ata1: PATA max UDMA/33 cmd 0x1f0 ctl 0x3f6 bmdma 0xd000 irq 14
[    2.972919] ata2: PATA max UDMA/33 cmd 0x170 ctl 0x376 bmdma 0xd008 irq 15
[    2.977738] libphy: Fixed MDIO Bus: probed
[    2.980812] tun: Universal TUN/TAP device driver, 1.6
[    2.984451] tun: (C) 1999-2004 Max Krasnyansky <maxk@qualcomm.com>
[    2.988897] PPP generic driver version 2.4.2
[    2.992297] ehci_hcd: USB 2.0 'Enhanced' Host Controller (EHCI) Driver
[    2.996619] ehci-pci: EHCI PCI platform driver
[    2.999830] ehci-platform: EHCI generic platform driver
[    3.003983] ohci_hcd: USB 1.1 'Open' Host Controller (OHCI) Driver
[    3.008438] ohci-pci: OHCI PCI platform driver
[    3.011974] ohci-platform: OHCI generic platform driver
[    3.015673] uhci_hcd: USB Universal Host Controller Interface driver
[    3.020296] i8042: PNP: PS/2 Controller [PNP0303:PS2K,PNP0f03:PS2M] at 0x60,0x64 irq 1,12
[    3.028275] serio: i8042 KBD port at 0x60,0x64 irq 1
[    3.031895] serio: i8042 AUX port at 0x60,0x64 irq 12
[    3.036765] mousedev: PS/2 mouse device common for all mice
[    3.043840] rtc_cmos rtc_cmos: rtc core: registered rtc_cmos as rtc0
[    3.048875] input: AT Translated Set 2 keyboard as /devices/platform/i8042/serio0/input/input2
[    3.050952] rtc_cmos rtc_cmos: alarms up to one day, 114 bytes nvram
[    3.051013] i2c /dev entries driver
[    3.051173] device-mapper: uevent: version 1.0.3
[    3.051440] device-mapper: ioctl: 4.34.0-ioctl (2015-10-28) initialised: dm-devel@redhat.com
[    3.051489] ledtrig-cpu: registered to indicate activity on CPUs
[    3.051896] x86/pm: family 0x16 cpu detected, MSR saving is needed during suspending.
[    3.052415] NET: Registered protocol family 10
[    3.053036] NET: Registered protocol family 17
[    3.053070] Key type dns_resolver registered
[    3.053946] registered taskstats version 1
[    3.053978] Loading compiled-in X.509 certificates
[    3.056370] Loaded X.509 cert 'Build time autogenerated kernel key: a9e5689415cbbea5b40a198600f217117afda70c'
[    3.056477] zswap: loaded using pool lzo/zbud
[    3.062449] Key type trusted registered
[    3.072907] Key type encrypted registered
[    3.072926] AppArmor: AppArmor sha1 policy hashing enabled
[    3.072935] ima: No TPM chip found, activating TPM-bypass!
[    3.072974] ima: Allocated hash algorithm: sha1
[    3.073012] evm: HMAC attrs: 0x1
[    3.074107]   Magic number: 8:615:986
[    3.076367] rtc_cmos rtc_cmos: setting system clock to 2020-06-12 12:58:11 UTC (1591966691)
[    3.076680] BIOS EDD facility v0.16 2004-Jun-25, 0 devices found
[    3.076681] EDD information not available.
[    3.170841] Freeing unused kernel memory: 1488K
[    3.767620] Write protecting the kernel read-only data: 14336k
[    3.776498] Freeing unused kernel memory: 1600K
[    3.782609] Freeing unused kernel memory: 60K
Loading, please wait...
starting version 229
[    3.850898] random: systemd-udevd: uninitialized urandom read (16 bytes read, 3 bits of entropy available)
[    3.855740] random: udevadm: uninitialized urandom read (16 bytes read, 3 bits of entropy available)
[    3.855855] random: udevadm: uninitialized urandom read (16 bytes read, 3 bits of entropy available)
[    3.890785] random: systemd-udevd: uninitialized urandom read (16 bytes read, 3 bits of entropy available)
[    3.899273] random: systemd-udevd: uninitialized urandom read (16 bytes read, 3 bits of entropy available)
[    3.908727] random: systemd-udevd: uninitialized urandom read (16 bytes read, 3 bits of entropy available)
[    3.912206] random: udevadm: uninitialized urandom read (16 bytes read, 3 bits of entropy available)
[    3.912370] random: udevadm: uninitialized urandom read (16 bytes read, 3 bits of entropy available)
[    3.912936] random: udevadm: uninitialized urandom read (16 bytes read, 3 bits of entropy available)
[    3.913144] random: udevadm: uninitialized urandom read (16 bytes read, 3 bits of entropy available)
[    4.123751] e1000: Intel(R) PRO/1000 Network Driver - version 7.3.21-k8-NAPI
[    4.129411] e1000: Copyright (c) 1999-2006 Intel Corporation.
[    4.137805] Fusion MPT base driver 3.04.20
[    4.141268] Copyright (c) 1999-2008 LSI Corporation
[    4.240189] Fusion MPT SPI Host driver 3.04.20
[    4.296509] AVX version of gcm_enc/dec engaged.
[    4.300074] AES CTR mode by8 optimization enabled
[    4.378820] input: ImExPS/2 Generic Explorer Mouse as /devices/platform/i8042/serio1/input/input4
[    4.803222] e1000 0000:00:03.0 eth0: (PCI:33MHz:32-bit) 02:0a:da:58:a4:e2
[    4.808061] e1000 0000:00:03.0 eth0: Intel(R) PRO/1000 Network Connection
[    5.405006] e1000 0000:00:08.0 eth1: (PCI:33MHz:32-bit) 08:00:27:da:b7:d4
[    5.410114] e1000 0000:00:08.0 eth1: Intel(R) PRO/1000 Network Connection
[    5.461245] e1000 0000:00:03.0 enp0s3: renamed from eth0
[    5.466548] mptbase: ioc0: Initiating bringup
[    5.488086] e1000 0000:00:08.0 enp0s8: renamed from eth1
[    5.523869] ioc0: LSI53C1030 A0: Capabilities={Initiator}
[    5.691747] scsi host2: ioc0: LSI53C1030 A0, FwRev=00000000h, Ports=1, MaxQ=256, IRQ=20
[    6.469985] scsi 2:0:0:0: Direct-Access     VBOX     HARDDISK         1.0  PQ: 0 ANSI: 5
[    6.492341] scsi target2:0:0: Beginning Domain Validation
[    6.506329] scsi target2:0:0: Domain Validation skipping write tests
[    6.517908] scsi target2:0:0: Ending Domain Validation
[    6.526002] scsi target2:0:0: asynchronous
[    6.532750] scsi 2:0:1:0: Direct-Access     VBOX     HARDDISK         1.0  PQ: 0 ANSI: 5
[    6.548196] scsi target2:0:1: Beginning Domain Validation
[    6.555656] scsi target2:0:1: Domain Validation skipping write tests
[    6.560358] scsi target2:0:1: Ending Domain Validation
[    6.564327] scsi target2:0:1: asynchronous
[    6.591793] sd 2:0:0:0: Attached scsi generic sg0 type 0
[    6.597710] sd 2:0:1:0: [sdb] 20480 512-byte logical blocks: (10.5 MB/10.0 MiB)
[    6.598066] sd 2:0:0:0: [sda] 20971520 512-byte logical blocks: (10.7 GB/10.0 GiB)
[    6.609433] sd 2:0:1:0: Attached scsi generic sg1 type 0
[    6.622610] sd 2:0:0:0: [sda] Write Protect is off
[    6.624599] sd 2:0:1:0: [sdb] Write Protect is off
[    6.625482] sd 2:0:1:0: [sdb] Incomplete mode parameter data
[    6.625486] sd 2:0:1:0: [sdb] Assuming drive cache: write through
[    6.643500] sd 2:0:1:0: [sdb] Attached SCSI disk
[    6.651457] sd 2:0:0:0: [sda] Incomplete mode parameter data
[    6.655605] sd 2:0:0:0: [sda] Assuming drive cache: write through
[    6.665694]  sda: sda1
[    6.672108] sd 2:0:0:0: [sda] Attached SCSI disk
Begin: Loading essential drivers ... [    9.332948] md: linear personality registered for level -1
[    9.344970] md: multipath personality registered for level -4
[    9.357476] md: raid0 personality registered for level 0
[    9.373915] md: raid1 personality registered for level 1
[    9.458914] raid6: sse2x1   gen()   450 MB/s
[    9.527034] raid6: sse2x1   xor()  1500 MB/s
[    9.595305] raid6: sse2x2   gen()   992 MB/s
[    9.666318] raid6: sse2x2   xor()  1515 MB/s
[    9.734936] raid6: sse2x4   gen()   787 MB/s
[    9.803284] raid6: sse2x4   xor()  1295 MB/s
[    9.806725] raid6: using algorithm sse2x2 gen() 992 MB/s
[    9.810844] raid6: .... xor() 1515 MB/s, rmw enabled
[    9.814745] raid6: using ssse3x2 recovery algorithm
[    9.830200] xor: automatically using best checksumming function:
[    9.872567]    avx       :  4947.000 MB/sec
[    9.879655] async_tx: api initialized (async)
[    9.917824] md: raid6 personality registered for level 6
[    9.925636] md: raid5 personality registered for level 5
[    9.930108] md: raid4 personality registered for level 4
[    9.958676] md: raid10 personality registered for level 10
done.
Begin: Running /scripts/init-premount ... done.
Begin: Mounting root file system ... Begin: Running /scripts/local-top ... done.
Begin: Running /scripts/local-premount ... [   10.082901] Btrfs loaded
Scanning for Btrfs filesystems
done.
Warning: fsck not present, so skipping root file system
[   10.334342] EXT4-fs (sda1): INFO: recovery required on readonly filesystem
[   10.341368] EXT4-fs (sda1): write access will be enabled during recovery
[   10.641169] EXT4-fs (sda1): recovery complete
[   10.645548] EXT4-fs (sda1): mounted filesystem with ordered data mode. Opts: (null)
done.
Begin: Running /scripts/local-bottom ... done.
Begin: Running /scripts/init-bottom ... done.
[   11.444929] systemd[1]: systemd 229 running in system mode. (+PAM +AUDIT +SELINUX +IMA +APPARMOR +SMACK +SYSVINIT +UTMP +LIBCRYPTSETUP +GCRYPT +GNUTLS +ACL +XZ -LZ4 +SECCOMP +BLKID +ELFUTILS +KMOD -IDN)
[   11.459990] systemd[1]: Detected virtualization oracle.
[   11.464514] systemd[1]: Detected architecture x86-64.

Welcome to [1mUbuntu 16.04.6 LTS[0m!

[   11.495726] systemd[1]: Set hostname to <ubuntu-xenial>.
[   11.794198] random: nonblocking pool is initialized
[   12.408805] systemd[1]: [/etc/systemd/system/snap-core-9289.mount:10] Unknown lvalue 'LazyUnmount' in section 'Mount'
[   12.459092] systemd[1]: [/etc/systemd/system/snap-heroku-3929.mount:10] Unknown lvalue 'LazyUnmount' in section 'Mount'
[   12.480220] systemd[1]: [/etc/systemd/system/snap-heroku-3947.mount:10] Unknown lvalue 'LazyUnmount' in section 'Mount'
[   12.499739] systemd[1]: [/etc/systemd/system/snap-core-9066.mount:10] Unknown lvalue 'LazyUnmount' in section 'Mount'
[   12.644226] systemd[1]: Listening on udev Kernel Socket.
[[0;32m  OK  [0m] Listening on udev Kernel Socket.
[   12.662489] systemd[1]: Reached target Swap.
[[0;32m  OK  [0m] Reached target Swap.
[   12.669102] systemd[1]: Listening on udev Control Socket.
[[0;32m  OK  [0m] Listening on udev Control Socket.
[   12.677389] systemd[1]: Started Forward Password Requests to Wall Directory Watch.
[[0;32m  OK  [0m] Started Forward Password Requests to Wall Directory Watch.
[   12.688034] systemd[1]: Listening on Device-mapper event daemon FIFOs.
[[0;32m  OK  [0m] Listening on Device-mapper event daemon FIFOs.
[   12.696715] systemd[1]: Listening on Syslog Socket.
[[0;32m  OK  [0m] Listening on Syslog Socket.
[   12.705354] systemd[1]: Created slice System Slice.
[[0;32m  OK  [0m] Created slice System Slice.
[   12.713159] systemd[1]: Created slice system-serial\x2dgetty.slice.
[[0;32m  OK  [0m] Created slice system-serial\x2dgetty.slice.
[   12.722017] systemd[1]: Set up automount Arbitrary Executable File Formats File System Automount Point.
[[0;32m  OK  [0m] Set up automount Arbitrary Executab...ats File System Automount Point.
[   12.734464] systemd[1]: Listening on LVM2 poll daemon socket.
[[0;32m  OK  [0m] Listening on LVM2 poll daemon socket.
[   12.742837] systemd[1]: Listening on LVM2 metadata daemon socket.
[[0;32m  OK  [0m] Listening on LVM2 metadata daemon socket.
[   12.751747] systemd[1]: Listening on Journal Socket (/dev/log).
[[0;32m  OK  [0m] Listening on Journal Socket (/dev/log).
[   12.762225] systemd[1]: Reached target User and Group Name Lookups.
[[0;32m  OK  [0m] Reached target User and Group Name Lookups.
[   12.772266] systemd[1]: Created slice system-postgresql.slice.
[[0;32m  OK  [0m] Created slice system-postgresql.slice.
[   12.781040] systemd[1]: Listening on /dev/initctl Compatibility Named Pipe.
[[0;32m  OK  [0m] Listening on /dev/initctl Compatibility Named Pipe.
[   12.791662] systemd[1]: Created slice User and Session Slice.
[[0;32m  OK  [0m] Created slice User and Session Slice.
[   12.799731] systemd[1]: Reached target Slices.
[[0;32m  OK  [0m] Reached target Slices.
[   12.806847] systemd[1]: Listening on Journal Audit Socket.
[[0;32m  OK  [0m] Listening on Journal Audit Socket.
[   12.815017] systemd[1]: Reached target System Time Synchronized.
[[0;32m  OK  [0m] Reached target System Time Synchronized.
[   12.823496] systemd[1]: Started Trigger resolvconf update for networkd DNS.
[[0;32m  OK  [0m] Started Trigger resolvconf update for networkd DNS.
[   12.835123] systemd[1]: Reached target Encrypted Volumes.
[[0;32m  OK  [0m] Reached target Encrypted Volumes.
[   12.843170] systemd[1]: Listening on Journal Socket.
[[0;32m  OK  [0m] Listening on Journal Socket.
[   12.867529] systemd[1]: Starting Uncomplicated firewall...
         Starting Uncomplicated firewall...
[   12.878112] systemd[1]: Mounting POSIX Message Queue File System...
         Mounting POSIX Message Queue File System...
[   12.900515] systemd[1]: Starting Remount Root and Kernel File Systems...
         Starting Remount Root and Kernel File Systems...
[   12.912426] systemd[1]: Starting Journal Service...
         Starting Journal Service...
[   12.922617] systemd[1]: Starting Create list of required static device nodes for the current kernel...
         Starting Create list of required st... nodes for the current kernel...
[   12.937573] systemd[1]: Starting Nameserver information manager...
         Starting Nameserver information manager...
[   12.948381] systemd[1]: Mounting Huge Pages File System...
         Mounting Huge Pages File System...
[   13.440047] systemd[1]: Starting Set console keymap...
         Starting Set console keymap...
[   13.455979] systemd[1]: Mounting Debug File System...
         Mounting Debug File System...
[   13.620088] systemd[1]: Starting Load Kernel Modules...
         Starting Load Kernel Modules...
[   13.657066] systemd[1]: Starting Monitoring of LVM2 mirrors, snapshots etc. using dmeventd or progress polling...
[   13.658864] EXT4-fs (sda1): re-mounted. Opts: (null)
         Starting Monitoring of LVM2 mirrors... dmeventd or progress polling...
[   13.690185] systemd[1]: Mounted POSIX Message Queue File System.
[[0;32m  OK  [0m] Mounted POSIX Message Queue File System.
[   13.707461] systemd[1]: Mounted Huge Pages File System.
[[0;32m  OK  [0m] Mounted Huge Pages File System.
[   13.716537] systemd[1]: Mounted Debug File System.
[[0;32m  OK  [0m] Mounted Debug File System.
[   13.726830] systemd[1]: Started Uncomplicated firewall.
[[0;32m  OK  [0m] Started Uncomplicated firewall.
[   13.753044] systemd[1]: Started Remount Root and Kernel File Systems.
[[0;32m  OK  [0m] Started Remount Root and Kernel File Systems.
[   13.764983] systemd[1]: Started Create list of required static device nodes for the current kernel.
[   13.769401] Loading iSCSI transport class v2.0-870.
[[0;32m  OK  [0m] Started Create list of required sta...ce nodes for the current kernel.
[   13.818605] systemd[1]: Started Journal Service.
[[0;32m  OK  [0m] Started Journal Service.
[[0;32m  OK  [0m] Started Nameserver information manager.
[[0;32m  OK  [0m] Started LVM2 metadata daemon.
[   13.881546] iscsi: registered transport (tcp)
         Starting Create Static Device Nodes in /dev...
         Starting Load/Save Random Seed...
         Starting udev Coldplug all Devices...
         Starting Flush Journal to Persistent Storage...
[[0;32m  OK  [0m] Started Load/Save Random Seed.
[   14.051572] systemd-journald[384]: Received request to flush runtime journal from PID 1
[[0;32m  OK  [0m] Started Flush Journal to Persistent Storage.
[[0;32m  OK  [0m] Started Monitoring of LVM2 mirrors,...ng dmeventd or progress polling.
[[0;32m  OK  [0m] Started Create Static Device Nodes in /dev.
         Starting udev Kernel Device Manager...
[[0;32m  OK  [0m] Started Set console keymap.
[[0;32m  OK  [0m] Reached target Local File Systems (Pre).
[   14.266761] iscsi: registered transport (iser)
         Mounting Mount unit for heroku, revision 3947...
         Mounting Mount unit for core, revision 9066...
         Mounting Mount unit for core, revision 9289...
         Mounting Mount unit for heroku, revision 3929...
[[0;32m  OK  [0m] Reached target Local File Systems.
         Starting Tell Plymouth To Write Out Runtime Data...
         Starting LSB: AppArmor initialization...
         Starting Create Volatile Files and Directories...
         Starting Set console font and keymap...
         Starting Initial cloud-init job (pre-networking)...
[[0;32m  OK  [0m] Mounted Mount unit for heroku, revision 3947.
[[0;32m  OK  [0m] Started Load Kernel Modules.
[[0;32m  OK  [0m] Started udev Coldplug all Devices.
         Starting Apply Kernel Variables...
         Mounting FUSE Control File System...
[[0;32m  OK  [0m] Mounted FUSE Control File System.
[[0;32m  OK  [0m] Mounted Mount unit for core, revision 9289.
[[0;32m  OK  [0m] Started Tell Plymouth To Write Out Runtime Data.
[[0;32m  OK  [0m] Mounted Mount unit for core, revision 9066.
[[0;32m  OK  [0m] Mounted Mount unit for heroku, revision 3929.
[[0;32m  OK  [0m] Started Create Volatile Files and Directories.
         Starting Update UTMP about System Boot/Shutdown...
[[0;32m  OK  [0m] Started Apply Kernel Variables.
[[0;32m  OK  [0m] Started Update UTMP about System Boot/Shutdown.
[[0;32m  OK  [0m] Started udev Kernel Device Manager.
[[0;32m  OK  [0m] Started Dispatch Password Requests to Console Directory Watch.
[[0;32m  OK  [0m] Started LSB: AppArmor initialization.
[[0;32m  OK  [0m] Found device /dev/ttyS0.
[[0;32m  OK  [0m] Listening on Load/Save RF Kill Switch Status /dev/rfkill Watch.
[[0;32m  OK  [0m] Found device 82540EM Gigabit Ethern...r (PRO/1000 MT Desktop Adapter).
[[0;32m  OK  [0m] Found device 82540EM Gigabit Ethern...r (PRO/1000 MT Desktop Adapter).
[[0;32m  OK  [0m] Started Set console font and keymap.
[[0;32m  OK  [0m] Created slice system-getty.slice.
[   30.429424] cloud-init[507]: Cloud-init v. 19.4-33-gbb4131a2-0ubuntu1~16.04.1 running 'init-local' at Fri, 12 Jun 2020 12:58:33 +0000. Up 24.45 seconds.
[[0;32m  OK  [0m] Started Initial cloud-init job (pre-networking).
[[0;32m  OK  [0m] Reached target Network (Pre).
         Starting Raise network interfaces...
[[0;32m  OK  [0m] Started ifup for enp0s8.
[[0;32m  OK  [0m] Started ifup for enp0s3.
[[0;32m  OK  [0m] Started Raise network interfaces.
         Starting Initial cloud-init job (metadata service crawler)...
[[0;32m  OK  [0m] Reached target Network.
[   34.386982] cloud-init[1144]: Cloud-init v. 19.4-33-gbb4131a2-0ubuntu1~16.04.1 running 'init' at Fri, 12 Jun 2020 12:58:42 +0000. Up 32.75 seconds.
[   34.395595] cloud-init[1144]: ci-info: ++++++++++++++++++++++++++++++++++++++Net device info+++++++++++++++++++++++++++++++++++++++
[   34.402771] cloud-init[1144]: ci-info: +--------+------+-----------------------------+---------------+--------+-------------------+
[   34.410246] cloud-init[1144]: ci-info: | Device |  Up  |           Address           |      Mask     | Scope  |     Hw-Address    |
[   34.418100] cloud-init[1144]: ci-info: +--------+------+-----------------------------+---------------+--------+-------------------+
[   34.425481] cloud-init[1144]: ci-info: | enp0s3 | True |          10.0.2.15          | 255.255.255.0 | global | 02:0a:da:58:a4:e2 |
[   34.433485] cloud-init[1144]: ci-info: | enp0s3 | True |  fe80::a:daff:fe58:a4e2/64  |       .       |  link  | 02:0a:da:58:a4:e2 |
[   34.441551] cloud-init[1144]: ci-info: | enp0s8 | True |        192.168.33.10        | 255.255.255.0 | global | 08:00:27:da:b7:d4 |
[   34.449658] cloud-init[1144]: ci-info: | enp0s8 | True | fe80::a00:27ff:feda:b7d4/64 |       .       |  link  | 08:00:27:da:b7:d4 |
[   34.457865] cloud-init[1144]: ci-info: |   lo   | True |          127.0.0.1          |   255.0.0.0   |  host  |         .         |
[   34.465948] cloud-init[1144]: ci-info: |   lo   | True |           ::1/128           |       .       |  host  |         .         |
[   34.473395] cloud-init[1144]: ci-info: +--------+------+-----------------------------+---------------+--------+-------------------+
[   34.480892] cloud-init[1144]: ci-info: ++++++++++++++++++++++++++++Route IPv4 info++++++++++++++++++++++++++++
[   34.488975] cloud-init[1144]: ci-info: +-------+--------------+----------+---------------+-----------+-------+
[   34.495699] cloud-init[1144]: ci-info: | Route | Destination  | Gateway  |    Genmask    | Interface | Flags |
[   34.502857] cloud-init[1144]: ci-info: +-------+--------------+----------+---------------+-----------+-------+
[   34.510102] cloud-init[1144]: ci-info: |   0   |   0.0.0.0    | 10.0.2.2 |    0.0.0.0    |   enp0s3  |   UG  |
[   34.517110] cloud-init[1144]: ci-info: |   1   |   10.0.2.0   | 0.0.0.0  | 255.255.255.0 |   enp0s3  |   U   |
[   34.523438] cloud-init[1144]: ci-info: |   2   | 192.168.33.0 | 0.0.0.0  | 255.255.255.0 |   enp0s8  |   U   |
[   34.537718] cloud-init[1144]: ci-info: +-------+--------------+----------+---------------+-----------+-------+
[   34.544837] cloud-init[1144]: ci-info: +++++++++++++++++++Route IPv6 info+++++++++++++++++++
[   34.550602] cloud-init[1144]: ci-info: +-------+-------------+---------+-----------+-------+
[   34.557101] cloud-init[1144]: ci-info: | Route | Destination | Gateway | Interface | Flags |
[   34.563588] cloud-init[1144]: ci-info: +-------+-------------+---------+-----------+-------+
[   34.570105] cloud-init[1144]: ci-info: |   0   |  fe80::/64  |    ::   |   enp0s8  |   U   |
[   34.576595] cloud-init[1144]: ci-info: |   1   |  fe80::/64  |    ::   |   enp0s3  |   U   |
[   34.582342] cloud-init[1144]: ci-info: |   6   |   ff00::/8  |    ::   |   enp0s8  |   U   |[[0;32m  OK  [0m] Started Initial cloud-init job (metadata service crawler).
[[0;32m  OK  [0m] Reached target Cloud-config availability.
[[0;32m  OK  [0m] Reached target System Initialization.
[[0;32m  OK  [0m] Listening on ACPID Listen Socket.

[   34.597868] cloud-init[1144]: ci-info: |   7   |   ff00::/8  |    ::   |   enp0s3  |   U   |
[   34.602561] [[0;32m  OK  [0m] Started Daily apt download activities.
[[0;32m  OK  [0m] Started Daily apt upgrade and clean activities.
[[0;32m  OK  [0m] Listening on D-Bus System Message Bus Socket.
cloud-init[1144]: ci-info: +-------+-------------+---------+-----------+-------+
[[0;32m  OK  [0m] Started ACPI Events Check.
[[0;32m  OK  [0m] Reached target Paths.
[[0;32m  OK  [0m] Started Daily Cleanup of Temporary Directories.
         Starting Socket activation for snappy daemon.
[[0;32m  OK  [0m] Listening on UUID daemon activation socket.
         Starting LXD - unix socket.
[[0;32m  OK  [0m] Started Message of the Day.
[[0;32m  OK  [0m] Reached target Timers.
[[0;32m  OK  [0m] Reached target Network is Online.
         Starting iSCSI initiator daemon (iscsid)...
[[0;32m  OK  [0m] Listening on Socket activation for snappy daemon.
[[0;32m  OK  [0m] Listening on LXD - unix socket.
[[0;32m  OK  [0m] Reached target Sockets.
[[0;32m  OK  [0m] Reached target Basic System.
[[0;32m  OK  [0m] Started Deferred execution scheduler.
         Starting System Logging Service...
[[0;32m  OK  [0m] Started FUSE filesystem for LXC.
[[0;32m  OK  [0m] Started D-Bus System Message Bus.
         Starting LSB: Record successful boot for GRUB...
         Starting vboxadd.service...
         Starting Message of the Day...
         Starting Snappy daemon...
         Starting Login Service...
         Starting /etc/rc.local Compatibility...
         Starting PostgreSQL Cluster 9.5-main...
         Starting LXD - container startup/shutdown...
         Starting OpenBSD Secure Shell server...
[[0;32m  OK  [0m] Started Regular background program processing daemon.
[[0;32m  OK  [0m] Started ACPI event daemon.
         Starting LSB: MD monitoring daemon...
         Starting Accounts Service...
[[0;32m  OK  [0m] Started System Logging Service.
[[0;32m  OK  [0m] Started /etc/rc.local Compatibility.
[[0;32m  OK  [0m] Started Login Service.
[[0;32m  OK  [0m] Started Unattended Upgrades Shutdown.
[[0;32m  OK  [0m] Started iSCSI initiator daemon (iscsid).
         Starting Login to default iSCSI targets...
[[0;32m  OK  [0m] Started LSB: Record successful boot for GRUB.
[[0;32m  OK  [0m] Started Login to default iSCSI targets.
[[0;32m  OK  [0m] Reached target Remote File Systems (Pre).
[[0;32m  OK  [0m] Reached target Remote File Systems.
         Starting Permit User Sessions...
         Starting LSB: Start/stop sysstat's sadc...
         Starting LSB: daemon to balance interrupts for SMP systems...
         Starting LSB: Set the CPU Frequency Scaling governor to "ondemand"...
         Starting LSB: automatic crash report generation...
[[0;32m  OK  [0m] Started Permit User Sessions.
[[0;32m  OK  [0m] Started LSB: MD monitoring daemon.
         Starting Hold until boot process finishes up...
         Starting Terminate Plymouth Boot Screen...
[[0;32m  OK  [0m] Started Terminate Plymouth Boot Screen.
[[0;32m  OK  [0m] Started Hold until boot process finishes up.
[[0;32m  OK  [0m] Started Getty on tty1.
         Starting Set console scheme...
[[0;32m  OK  [0m] Started Serial Getty on ttyS0.
[[0;32m  OK  [0m] Reached target Login Prompts.
[[0;32m  OK  [0m] Started Set console scheme.
[[0;32m  OK  [0m] Started OpenBSD Secure Shell server.
[[0;32m  OK  [0m] Started LSB: Set the CPU Frequency Scaling governor to "ondemand".
[[0;32m  OK  [0m] Started LSB: Start/stop sysstat's sadc.
         Starting Authenticate and Authorize Users to Run Privileged Tasks...
[[0;32m  OK  [0m] Started LXD - container startup/shutdown.
[[0;32m  OK  [0m] Started LSB: automatic crash report generation.
[[0;32m  OK  [0m] Started LSB: daemon to balance interrupts for SMP systems.
[[0;32m  OK  [0m] Started Authenticate and Authorize Users to Run Privileged Tasks.
[[0;32m  OK  [0m] Started Accounts Service.
[[0;32m  OK  [0m] Created slice User Slice of vagrant.
         Starting User Manager for UID 1000...
[[0;32m  OK  [0m] Started Session 1 of user vagrant.
[[0;32m  OK  [0m] Started User Manager for UID 1000.
[[0;32m  OK  [0m] Started Snappy daemon.
         Starting Wait until snapd is fully seeded...
[[0;32m  OK  [0m] Started Wait until snapd is fully seeded.
         Starting Apply the settings specified in cloud-config...

Ubuntu 16.04.6 LTS ubuntu-xenial ttyS0

ubuntu-xenial login: [   47.201814] cloud-init[1634]: Cloud-init v. 19.4-33-gbb4131a2-0ubuntu1~16.04.1 running 'modules:config' at Fri, 12 Jun 2020 12:58:55 +0000. Up 46.37 seconds.
[   49.897263] cloud-init[1815]: Cloud-init v. 19.4-33-gbb4131a2-0ubuntu1~16.04.1 running 'modules:final' at Fri, 12 Jun 2020 12:58:58 +0000. Up 49.08 seconds.
[   49.898554] cloud-init[1815]: Cloud-init v. 19.4-33-gbb4131a2-0ubuntu1~16.04.1 finished at Fri, 12 Jun 2020 12:58:59 +0000. Datasource DataSourceNoCloud [seed=/dev/sdb][dsmode=net].  Up 49.86 seconds
